<?xml version="1.0" encoding="UTF-8"?>
<testsuite name="com.ciber05.Calculator05.CalculatorApplicationTests" tests="2" skipped="0" failures="0" errors="0" timestamp="2023-05-12T01:56:30" hostname="kali2022" time="0.39">
  <properties/>
  <testcase name="testSum()" classname="com.ciber05.Calculator05.CalculatorApplicationTests" time="0.386"/>
  <testcase name="contextLoads()" classname="com.ciber05.Calculator05.CalculatorApplicationTests" time="0.002"/>
  <system-out><![CDATA[03:56:28.456 [Test worker] DEBUG org.springframework.test.context.BootstrapUtils - Instantiating CacheAwareContextLoaderDelegate from class [org.springframework.test.context.cache.DefaultCacheAwareContextLoaderDelegate]
03:56:28.466 [Test worker] DEBUG org.springframework.test.context.BootstrapUtils - Instantiating BootstrapContext using constructor [public org.springframework.test.context.support.DefaultBootstrapContext(java.lang.Class,org.springframework.test.context.CacheAwareContextLoaderDelegate)]
03:56:28.501 [Test worker] DEBUG org.springframework.test.context.BootstrapUtils - Instantiating TestContextBootstrapper for test class [com.ciber05.Calculator05.CalculatorApplicationTests] from class [org.springframework.boot.test.context.SpringBootTestContextBootstrapper]
03:56:28.510 [Test worker] INFO org.springframework.boot.test.context.SpringBootTestContextBootstrapper - Neither @ContextConfiguration nor @ContextHierarchy found for test class [com.ciber05.Calculator05.CalculatorApplicationTests], using SpringBootContextLoader
03:56:28.514 [Test worker] DEBUG org.springframework.test.context.support.AbstractContextLoader - Did not detect default resource location for test class [com.ciber05.Calculator05.CalculatorApplicationTests]: class path resource [com/ciber05/Calculator05/CalculatorApplicationTests-context.xml] does not exist
03:56:28.515 [Test worker] DEBUG org.springframework.test.context.support.AbstractContextLoader - Did not detect default resource location for test class [com.ciber05.Calculator05.CalculatorApplicationTests]: class path resource [com/ciber05/Calculator05/CalculatorApplicationTestsContext.groovy] does not exist
03:56:28.515 [Test worker] INFO org.springframework.test.context.support.AbstractContextLoader - Could not detect default resource locations for test class [com.ciber05.Calculator05.CalculatorApplicationTests]: no resource found for suffixes {-context.xml, Context.groovy}.
03:56:28.516 [Test worker] INFO org.springframework.test.context.support.AnnotationConfigContextLoaderUtils - Could not detect default configuration classes for test class [com.ciber05.Calculator05.CalculatorApplicationTests]: CalculatorApplicationTests does not declare any static, non-private, non-final, nested classes annotated with @Configuration.
03:56:28.550 [Test worker] DEBUG org.springframework.test.context.support.ActiveProfilesUtils - Could not find an 'annotation declaring class' for annotation type [org.springframework.test.context.ActiveProfiles] and class [com.ciber05.Calculator05.CalculatorApplicationTests]
03:56:28.600 [Test worker] DEBUG org.springframework.context.annotation.ClassPathScanningCandidateComponentProvider - Identified candidate component class: file [/home/administrador/github/calculator05/build/classes/java/main/com/ciber05/Calculator05/Calculator05Application.class]
03:56:28.615 [Test worker] INFO org.springframework.boot.test.context.SpringBootTestContextBootstrapper - Found @SpringBootConfiguration com.ciber05.Calculator05.Calculator05Application for test class com.ciber05.Calculator05.CalculatorApplicationTests
03:56:28.696 [Test worker] DEBUG org.springframework.boot.test.context.SpringBootTestContextBootstrapper - @TestExecutionListeners is not present for class [com.ciber05.Calculator05.CalculatorApplicationTests]: using defaults.
03:56:28.696 [Test worker] INFO org.springframework.boot.test.context.SpringBootTestContextBootstrapper - Loaded default TestExecutionListener class names from location [META-INF/spring.factories]: [org.springframework.boot.test.autoconfigure.restdocs.RestDocsTestExecutionListener, org.springframework.boot.test.autoconfigure.web.client.MockRestServiceServerResetTestExecutionListener, org.springframework.boot.test.autoconfigure.web.servlet.MockMvcPrintOnlyOnFailureTestExecutionListener, org.springframework.boot.test.autoconfigure.web.servlet.WebDriverTestExecutionListener, org.springframework.boot.test.autoconfigure.webservices.client.MockWebServiceServerTestExecutionListener, org.springframework.boot.test.mock.mockito.MockitoTestExecutionListener, org.springframework.boot.test.mock.mockito.ResetMocksTestExecutionListener, org.springframework.test.context.web.ServletTestExecutionListener, org.springframework.test.context.support.DirtiesContextBeforeModesTestExecutionListener, org.springframework.test.context.event.ApplicationEventsTestExecutionListener, org.springframework.test.context.support.DependencyInjectionTestExecutionListener, org.springframework.test.context.support.DirtiesContextTestExecutionListener, org.springframework.test.context.transaction.TransactionalTestExecutionListener, org.springframework.test.context.jdbc.SqlScriptsTestExecutionListener, org.springframework.test.context.event.EventPublishingTestExecutionListener]
03:56:28.715 [Test worker] DEBUG org.springframework.boot.test.context.SpringBootTestContextBootstrapper - Skipping candidate TestExecutionListener [org.springframework.test.context.transaction.TransactionalTestExecutionListener] due to a missing dependency. Specify custom listener classes or make the default listener classes and their required dependencies available. Offending class: [org/springframework/transaction/interceptor/TransactionAttributeSource]
03:56:28.716 [Test worker] DEBUG org.springframework.boot.test.context.SpringBootTestContextBootstrapper - Skipping candidate TestExecutionListener [org.springframework.test.context.jdbc.SqlScriptsTestExecutionListener] due to a missing dependency. Specify custom listener classes or make the default listener classes and their required dependencies available. Offending class: [org/springframework/transaction/interceptor/TransactionAttribute]
03:56:28.718 [Test worker] INFO org.springframework.boot.test.context.SpringBootTestContextBootstrapper - Using TestExecutionListeners: [org.springframework.test.context.web.ServletTestExecutionListener@56bca85b, org.springframework.test.context.support.DirtiesContextBeforeModesTestExecutionListener@75d0911a, org.springframework.test.context.event.ApplicationEventsTestExecutionListener@75e91545, org.springframework.boot.test.mock.mockito.MockitoTestExecutionListener@60d1a32f, org.springframework.boot.test.autoconfigure.SpringBootDependencyInjectionTestExecutionListener@531c311e, org.springframework.test.context.support.DirtiesContextTestExecutionListener@22b53226, org.springframework.test.context.event.EventPublishingTestExecutionListener@1fcb4808, org.springframework.boot.test.autoconfigure.restdocs.RestDocsTestExecutionListener@726e5805, org.springframework.boot.test.autoconfigure.web.client.MockRestServiceServerResetTestExecutionListener@40c80397, org.springframework.boot.test.autoconfigure.web.servlet.MockMvcPrintOnlyOnFailureTestExecutionListener@4b672daa, org.springframework.boot.test.autoconfigure.web.servlet.WebDriverTestExecutionListener@ea9b7c6, org.springframework.boot.test.autoconfigure.webservices.client.MockWebServiceServerTestExecutionListener@e077866, org.springframework.boot.test.mock.mockito.ResetMocksTestExecutionListener@ed3068a]
03:56:28.722 [Test worker] DEBUG org.springframework.test.context.support.AbstractDirtiesContextTestExecutionListener - Before test class: context [DefaultTestContext@354fc8f0 testClass = CalculatorApplicationTests, testInstance = [null], testMethod = [null], testException = [null], mergedContextConfiguration = [WebMergedContextConfiguration@41813449 testClass = CalculatorApplicationTests, locations = '{}', classes = '{class com.ciber05.Calculator05.Calculator05Application}', contextInitializerClasses = '[]', activeProfiles = '{}', propertySourceLocations = '{}', propertySourceProperties = '{org.springframework.boot.test.context.SpringBootTestContextBootstrapper=true}', contextCustomizers = set[org.springframework.boot.test.autoconfigure.actuate.metrics.MetricsExportContextCustomizerFactory$DisableMetricExportContextCustomizer@1ab06251, org.springframework.boot.test.autoconfigure.properties.PropertyMappingContextCustomizer@0, org.springframework.boot.test.autoconfigure.web.servlet.WebDriverContextCustomizerFactory$Customizer@3688eb5b, org.springframework.boot.test.context.filter.ExcludeFilterContextCustomizer@50de186c, org.springframework.boot.test.json.DuplicateJsonObjectContextCustomizerFactory$DuplicateJsonObjectContextCustomizer@73d983ea, org.springframework.boot.test.mock.mockito.MockitoContextCustomizer@0, org.springframework.boot.test.web.client.TestRestTemplateContextCustomizer@12d2ce03, org.springframework.boot.test.context.SpringBootTestArgs@1, org.springframework.boot.test.context.SpringBootTestWebEnvironment@13b6aecc], resourceBasePath = 'src/main/webapp', contextLoader = 'org.springframework.boot.test.context.SpringBootContextLoader', parent = [null]], attributes = map['org.springframework.test.context.web.ServletTestExecutionListener.activateListener' -> true]], class annotated with @DirtiesContext [false] with mode [null].

  .   ____          _            __ _ _
 /\\ / ___'_ __ _ _(_)_ __  __ _ \ \ \ \
( ( )\___ | '_ | '_| | '_ \/ _` | \ \ \ \
 \\/  ___)| |_)| | | | | || (_| |  ) ) ) )
  '  |____| .__|_| |_|_| |_\__, | / / / /
 =========|_|==============|___/=/_/_/_/
 :: Spring Boot ::               (v2.7.11)

2023-05-12 03:56:29.009  INFO 1592555 --- [    Test worker] c.c.C.CalculatorApplicationTests         : Starting CalculatorApplicationTests using Java 17.0.6 on kali2022 with PID 1592555 (started by administrador in /home/administrador/github/calculator05)
2023-05-12 03:56:29.011  INFO 1592555 --- [    Test worker] c.c.C.CalculatorApplicationTests         : No active profile set, falling back to 1 default profile: "default"
2023-05-12 03:56:30.244  INFO 1592555 --- [    Test worker] c.c.C.CalculatorApplicationTests         : Started CalculatorApplicationTests in 1.483 seconds (JVM running for 2.523)
]]></system-out>
  <system-err><![CDATA[]]></system-err>
</testsuite>
